# JRE version: Java(TM) SE Runtime Environment (8.0_131-b11) (build 1.8.0_131-b11)
# Java VM: Java HotSpot(TM) 64-Bit Server VM (25.131-b11 mixed mode linux-amd64 compressed oops)
Heap:
 def new generation   total 9792K, used 7021K [0x00000000e0c00000, 0x00000000e16a0000, 0x00000000eb2a0000)
  eden space 8704K,  79% used [0x00000000e0c00000, 0x00000000e12c9770, 0x00000000e1480000)
  from space 1088K,   6% used [0x00000000e1480000, 0x00000000e1492080, 0x00000000e1590000)
  to   space 1088K,   0% used [0x00000000e1590000, 0x00000000e1590000, 0x00000000e16a0000)
 tenured generation   total 21888K, used 11814K [0x00000000eb2a0000, 0x00000000ec800000, 0x0000000100000000)
   the space 21888K,  53% used [0x00000000eb2a0000, 0x00000000ebe29810, 0x00000000ebe29a00, 0x00000000ec800000)
 Metaspace       used 14982K, capacity 15894K, committed 16000K, reserved 1062912K
  class space    used 2251K, capacity 2431K, committed 2432K, reserved 1048576K
GC Heap History (8 events):
Event: 1,047 GC heap before
{Heap before GC invocations=0 (full 0):
 def new generation   total 9792K, used 8704K [0x00000000e0c00000, 0x00000000e16a0000, 0x00000000eb2a0000)
  eden space 8704K, 100% used [0x00000000e0c00000, 0x00000000e1480000, 0x00000000e1480000)
  from space 1088K,   0% used [0x00000000e1480000, 0x00000000e1480000, 0x00000000e1590000)
  to   space 1088K,   0% used [0x00000000e1590000, 0x00000000e1590000, 0x00000000e16a0000)
 tenured generation   total 21888K, used 0K [0x00000000eb2a0000, 0x00000000ec800000, 0x0000000100000000)
   the space 21888K,   0% used [0x00000000eb2a0000, 0x00000000eb2a0000, 0x00000000eb2a0200, 0x00000000ec800000)
 Metaspace       used 7208K, capacity 7622K, committed 7680K, reserved 1056768K
  class space    used 913K, capacity 1008K, committed 1024K, reserved 1048576K
Event: 1,055 GC heap after
Heap after GC invocations=1 (full 0):
 def new generation   total 9792K, used 1052K [0x00000000e0c00000, 0x00000000e16a0000, 0x00000000eb2a0000)
  eden space 8704K,   0% used [0x00000000e0c00000, 0x00000000e0c00000, 0x00000000e1480000)
  from space 1088K,  96% used [0x00000000e1590000, 0x00000000e1697098, 0x00000000e16a0000)
  to   space 1088K,   0% used [0x00000000e1480000, 0x00000000e1480000, 0x00000000e1590000)
 tenured generation   total 21888K, used 0K [0x00000000eb2a0000, 0x00000000ec800000, 0x0000000100000000)
   the space 21888K,   0% used [0x00000000eb2a0000, 0x00000000eb2a0000, 0x00000000eb2a0200, 0x00000000ec800000)
 Metaspace       used 7208K, capacity 7622K, committed 7680K, reserved 1056768K
  class space    used 913K, capacity 1008K, committed 1024K, reserved 1048576K
}
Event: 1,784 GC heap before
{Heap before GC invocations=1 (full 0):
 def new generation   total 9792K, used 9756K [0x00000000e0c00000, 0x00000000e16a0000, 0x00000000eb2a0000)
  eden space 8704K, 100% used [0x00000000e0c00000, 0x00000000e1480000, 0x00000000e1480000)
  from space 1088K,  96% used [0x00000000e1590000, 0x00000000e1697098, 0x00000000e16a0000)
  to   space 1088K,   0% used [0x00000000e1480000, 0x00000000e1480000, 0x00000000e1590000)
 tenured generation   total 21888K, used 0K [0x00000000eb2a0000, 0x00000000ec800000, 0x0000000100000000)
   the space 21888K,   0% used [0x00000000eb2a0000, 0x00000000eb2a0000, 0x00000000eb2a0200, 0x00000000ec800000)
 Metaspace       used 10823K, capacity 11260K, committed 11392K, reserved 1058816K
  class space    used 1515K, capacity 1636K, committed 1664K, reserved 1048576K
Event: 1,794 GC heap after
Heap after GC invocations=2 (full 0):
 def new generation   total 9792K, used 1088K [0x00000000e0c00000, 0x00000000e16a0000, 0x00000000eb2a0000)
  eden space 8704K,   0% used [0x00000000e0c00000, 0x00000000e0c00000, 0x00000000e1480000)
  from space 1088K, 100% used [0x00000000e1480000, 0x00000000e1590000, 0x00000000e1590000)
  to   space 1088K,   0% used [0x00000000e1590000, 0x00000000e1590000, 0x00000000e16a0000)
 tenured generation   total 21888K, used 1175K [0x00000000eb2a0000, 0x00000000ec800000, 0x0000000100000000)
   the space 21888K,   5% used [0x00000000eb2a0000, 0x00000000eb3c5fc0, 0x00000000eb3c6000, 0x00000000ec800000)
 Metaspace       used 10823K, capacity 11260K, committed 11392K, reserved 1058816K
  class space    used 1515K, capacity 1636K, committed 1664K, reserved 1048576K
}
Event: 2,253 GC heap before
{Heap before GC invocations=2 (full 0):
 def new generation   total 9792K, used 5960K [0x00000000e0c00000, 0x00000000e16a0000, 0x00000000eb2a0000)
  eden space 8704K,  55% used [0x00000000e0c00000, 0x00000000e10c20d8, 0x00000000e1480000)
  from space 1088K, 100% used [0x00000000e1480000, 0x00000000e1590000, 0x00000000e1590000)
  to   space 1088K,   0% used [0x00000000e1590000, 0x00000000e1590000, 0x00000000e16a0000)
 tenured generation   total 21888K, used 1175K [0x00000000eb2a0000, 0x00000000ec800000, 0x0000000100000000)
   the space 21888K,   5% used [0x00000000eb2a0000, 0x00000000eb3c5fc0, 0x00000000eb3c6000, 0x00000000ec800000)
 Metaspace       used 12431K, capacity 12980K, committed 13312K, reserved 1060864K
  class space    used 1825K, capacity 1968K, committed 2048K, reserved 1048576K
Event: 2,265 GC heap after
Heap after GC invocations=3 (full 0):
 def new generation   total 9792K, used 1087K [0x00000000e0c00000, 0x00000000e16a0000, 0x00000000eb2a0000)
  eden space 8704K,   0% used [0x00000000e0c00000, 0x00000000e0c00000, 0x00000000e1480000)
  from space 1088K,  99% used [0x00000000e1590000, 0x00000000e169fff8, 0x00000000e16a0000)
  to   space 1088K,   0% used [0x00000000e1480000, 0x00000000e1480000, 0x00000000e1590000)
 tenured generation   total 21888K, used 2546K [0x00000000eb2a0000, 0x00000000ec800000, 0x0000000100000000)
   the space 21888K,  11% used [0x00000000eb2a0000, 0x00000000eb51c990, 0x00000000eb51ca00, 0x00000000ec800000)
 Metaspace       used 12431K, capacity 12980K, committed 13312K, reserved 1060864K
  class space    used 1825K, capacity 1968K, committed 2048K, reserved 1048576K
}
Event: 4,772 GC heap before
{Heap before GC invocations=3 (full 0):
 def new generation   total 9792K, used 9791K [0x00000000e0c00000, 0x00000000e16a0000, 0x00000000eb2a0000)
  eden space 8704K, 100% used [0x00000000e0c00000, 0x00000000e1480000, 0x00000000e1480000)
  from space 1088K,  99% used [0x00000000e1590000, 0x00000000e169fff8, 0x00000000e16a0000)
  to   space 1088K,   0% used [0x00000000e1480000, 0x00000000e1480000, 0x00000000e1590000)
 tenured generation   total 21888K, used 2546K [0x00000000eb2a0000, 0x00000000ec800000, 0x0000000100000000)
   the space 21888K,  11% used [0x00000000eb2a0000, 0x00000000eb51c990, 0x00000000eb51ca00, 0x00000000ec800000)
 Metaspace       used 12699K, capacity 13288K, committed 13568K, reserved 1060864K
  class space    used 1860K, capacity 2004K, committed 2048K, reserved 1048576K
Event: 4,786 GC heap after
Heap after GC invocations=4 (full 0):
 def new generation   total 9792K, used 72K [0x00000000e0c00000, 0x00000000e16a0000, 0x00000000eb2a0000)
  eden space 8704K,   0% used [0x00000000e0c00000, 0x00000000e0c00000, 0x00000000e1480000)
  from space 1088K,   6% used [0x00000000e1480000, 0x00000000e1492080, 0x00000000e1590000)
  to   space 1088K,   0% used [0x00000000e1590000, 0x00000000e1590000, 0x00000000e16a0000)
 tenured generation   total 21888K, used 11814K [0x00000000eb2a0000, 0x00000000ec800000, 0x0000000100000000)
   the space 21888K,  53% used [0x00000000eb2a0000, 0x00000000ebe29810, 0x00000000ebe29a00, 0x00000000ec800000)
 Metaspace       used 12699K, capacity 13288K, committed 13568K, reserved 1060864K
  class space    used 1860K, capacity 2004K, committed 2048K, reserved 1048576K
}

