# JRE version: Java(TM) SE Runtime Environment (8.0_131-b11) (build 1.8.0_131-b11)
# Java VM: Java HotSpot(TM) 64-Bit Server VM (25.131-b11 mixed mode linux-amd64 compressed oops)
Heap:
 def new generation   total 9792K, used 6816K [0x00000000e0c00000, 0x00000000e16a0000, 0x00000000eb2a0000)
  eden space 8704K,  77% used [0x00000000e0c00000, 0x00000000e1296010, 0x00000000e1480000)
  from space 1088K,   6% used [0x00000000e1480000, 0x00000000e1492010, 0x00000000e1590000)
  to   space 1088K,   0% used [0x00000000e1590000, 0x00000000e1590000, 0x00000000e16a0000)
 tenured generation   total 21888K, used 11825K [0x00000000eb2a0000, 0x00000000ec800000, 0x0000000100000000)
   the space 21888K,  54% used [0x00000000eb2a0000, 0x00000000ebe2c608, 0x00000000ebe2c800, 0x00000000ec800000)
 Metaspace       used 14981K, capacity 15894K, committed 16000K, reserved 1062912K
  class space    used 2250K, capacity 2431K, committed 2432K, reserved 1048576K
GC Heap History (8 events):
Event: 1,033 GC heap before
{Heap before GC invocations=0 (full 0):
 def new generation   total 9792K, used 8704K [0x00000000e0c00000, 0x00000000e16a0000, 0x00000000eb2a0000)
  eden space 8704K, 100% used [0x00000000e0c00000, 0x00000000e1480000, 0x00000000e1480000)
  from space 1088K,   0% used [0x00000000e1480000, 0x00000000e1480000, 0x00000000e1590000)
  to   space 1088K,   0% used [0x00000000e1590000, 0x00000000e1590000, 0x00000000e16a0000)
 tenured generation   total 21888K, used 0K [0x00000000eb2a0000, 0x00000000ec800000, 0x0000000100000000)
   the space 21888K,   0% used [0x00000000eb2a0000, 0x00000000eb2a0000, 0x00000000eb2a0200, 0x00000000ec800000)
 Metaspace       used 7187K, capacity 7622K, committed 7680K, reserved 1056768K
  class space    used 911K, capacity 1008K, committed 1024K, reserved 1048576K
Event: 1,043 GC heap after
Heap after GC invocations=1 (full 0):
 def new generation   total 9792K, used 1051K [0x00000000e0c00000, 0x00000000e16a0000, 0x00000000eb2a0000)
  eden space 8704K,   0% used [0x00000000e0c00000, 0x00000000e0c00000, 0x00000000e1480000)
  from space 1088K,  96% used [0x00000000e1590000, 0x00000000e1696f88, 0x00000000e16a0000)
  to   space 1088K,   0% used [0x00000000e1480000, 0x00000000e1480000, 0x00000000e1590000)
 tenured generation   total 21888K, used 0K [0x00000000eb2a0000, 0x00000000ec800000, 0x0000000100000000)
   the space 21888K,   0% used [0x00000000eb2a0000, 0x00000000eb2a0000, 0x00000000eb2a0200, 0x00000000ec800000)
 Metaspace       used 7187K, capacity 7622K, committed 7680K, reserved 1056768K
  class space    used 911K, capacity 1008K, committed 1024K, reserved 1048576K
}
Event: 1,924 GC heap before
{Heap before GC invocations=1 (full 0):
 def new generation   total 9792K, used 9755K [0x00000000e0c00000, 0x00000000e16a0000, 0x00000000eb2a0000)
  eden space 8704K, 100% used [0x00000000e0c00000, 0x00000000e1480000, 0x00000000e1480000)
  from space 1088K,  96% used [0x00000000e1590000, 0x00000000e1696f88, 0x00000000e16a0000)
  to   space 1088K,   0% used [0x00000000e1480000, 0x00000000e1480000, 0x00000000e1590000)
 tenured generation   total 21888K, used 0K [0x00000000eb2a0000, 0x00000000ec800000, 0x0000000100000000)
   the space 21888K,   0% used [0x00000000eb2a0000, 0x00000000eb2a0000, 0x00000000eb2a0200, 0x00000000ec800000)
 Metaspace       used 10805K, capacity 11258K, committed 11392K, reserved 1058816K
  class space    used 1502K, capacity 1634K, committed 1664K, reserved 1048576K
Event: 1,954 GC heap after
Heap after GC invocations=2 (full 0):
 def new generation   total 9792K, used 1088K [0x00000000e0c00000, 0x00000000e16a0000, 0x00000000eb2a0000)
  eden space 8704K,   0% used [0x00000000e0c00000, 0x00000000e0c00000, 0x00000000e1480000)
  from space 1088K, 100% used [0x00000000e1480000, 0x00000000e1590000, 0x00000000e1590000)
  to   space 1088K,   0% used [0x00000000e1590000, 0x00000000e1590000, 0x00000000e16a0000)
 tenured generation   total 21888K, used 1172K [0x00000000eb2a0000, 0x00000000ec800000, 0x0000000100000000)
   the space 21888K,   5% used [0x00000000eb2a0000, 0x00000000eb3c52f8, 0x00000000eb3c5400, 0x00000000ec800000)
 Metaspace       used 10805K, capacity 11258K, committed 11392K, reserved 1058816K
  class space    used 1502K, capacity 1634K, committed 1664K, reserved 1048576K
}
Event: 2,458 GC heap before
{Heap before GC invocations=2 (full 0):
 def new generation   total 9792K, used 6070K [0x00000000e0c00000, 0x00000000e16a0000, 0x00000000eb2a0000)
  eden space 8704K,  57% used [0x00000000e0c00000, 0x00000000e10ddb28, 0x00000000e1480000)
  from space 1088K, 100% used [0x00000000e1480000, 0x00000000e1590000, 0x00000000e1590000)
  to   space 1088K,   0% used [0x00000000e1590000, 0x00000000e1590000, 0x00000000e16a0000)
 tenured generation   total 21888K, used 1172K [0x00000000eb2a0000, 0x00000000ec800000, 0x0000000100000000)
   the space 21888K,   5% used [0x00000000eb2a0000, 0x00000000eb3c52f8, 0x00000000eb3c5400, 0x00000000ec800000)
 Metaspace       used 12475K, capacity 13054K, committed 13312K, reserved 1060864K
  class space    used 1827K, capacity 1968K, committed 2048K, reserved 1048576K
Event: 2,467 GC heap after
Heap after GC invocations=3 (full 0):
 def new generation   total 9792K, used 1088K [0x00000000e0c00000, 0x00000000e16a0000, 0x00000000eb2a0000)
  eden space 8704K,   0% used [0x00000000e0c00000, 0x00000000e0c00000, 0x00000000e1480000)
  from space 1088K, 100% used [0x00000000e1590000, 0x00000000e16a0000, 0x00000000e16a0000)
  to   space 1088K,   0% used [0x00000000e1480000, 0x00000000e1480000, 0x00000000e1590000)
 tenured generation   total 21888K, used 2558K [0x00000000eb2a0000, 0x00000000ec800000, 0x0000000100000000)
   the space 21888K,  11% used [0x00000000eb2a0000, 0x00000000eb51f8e0, 0x00000000eb51fa00, 0x00000000ec800000)
 Metaspace       used 12475K, capacity 13054K, committed 13312K, reserved 1060864K
  class space    used 1827K, capacity 1968K, committed 2048K, reserved 1048576K
}
Event: 11,822 GC heap before
{Heap before GC invocations=3 (full 0):
 def new generation   total 9792K, used 9792K [0x00000000e0c00000, 0x00000000e16a0000, 0x00000000eb2a0000)
  eden space 8704K, 100% used [0x00000000e0c00000, 0x00000000e1480000, 0x00000000e1480000)
  from space 1088K, 100% used [0x00000000e1590000, 0x00000000e16a0000, 0x00000000e16a0000)
  to   space 1088K,   0% used [0x00000000e1480000, 0x00000000e1480000, 0x00000000e1590000)
 tenured generation   total 21888K, used 2558K [0x00000000eb2a0000, 0x00000000ec800000, 0x0000000100000000)
   the space 21888K,  11% used [0x00000000eb2a0000, 0x00000000eb51f8e0, 0x00000000eb51fa00, 0x00000000ec800000)
 Metaspace       used 12736K, capacity 13298K, committed 13568K, reserved 1060864K
  class space    used 1860K, capacity 2002K, committed 2048K, reserved 1048576K
Event: 11,851 GC heap after
Heap after GC invocations=4 (full 0):
 def new generation   total 9792K, used 72K [0x00000000e0c00000, 0x00000000e16a0000, 0x00000000eb2a0000)
  eden space 8704K,   0% used [0x00000000e0c00000, 0x00000000e0c00000, 0x00000000e1480000)
  from space 1088K,   6% used [0x00000000e1480000, 0x00000000e1492010, 0x00000000e1590000)
  to   space 1088K,   0% used [0x00000000e1590000, 0x00000000e1590000, 0x00000000e16a0000)
 tenured generation   total 21888K, used 11825K [0x00000000eb2a0000, 0x00000000ec800000, 0x0000000100000000)
   the space 21888K,  54% used [0x00000000eb2a0000, 0x00000000ebe2c608, 0x00000000ebe2c800, 0x00000000ec800000)
 Metaspace       used 12736K, capacity 13298K, committed 13568K, reserved 1060864K
  class space    used 1860K, capacity 2002K, committed 2048K, reserved 1048576K
}

